"../../../Origami/Content/Origami/Blueprints/Actors/Bt_Act_BaseCocoonRock.uasset" 0
"../../../Origami/Content/Origami/Blueprints/Actors/Bt_Act_BaseCocoon.uasset" 1
"../../../Engine/Content/Functions/Engine_MaterialFunctions01/Opacity/CameraDepthFade.uasset" 2
"../../../Engine/Content/EngineMaterials/T_Default_Material_Grid_M.uasset" 3
"../../../Engine/Content/EngineMaterials/T_Default_Material_Grid_N.uasset" 4
"../../../Engine/Content/EngineMaterials/WorldGridMaterial.uasset" 5
"../../../Origami/Content/Origami/Meshes/Cocoon/Obj_Stc_Cocoon_M_1.uasset" 6
"../../../Origami/Content/Origami/Blueprints/Actors/Cocoons/Bt_Act_Cocoon_M_1.uasset" 7
"../../../Origami/Content/Origami/Meshes/Cocoon/Obj_Stc_Cocoon_S_1.uasset" 8
"../../../Origami/Content/Origami/Blueprints/Actors/Cocoons/Bt_Act_Cocoon_S_1.uasset" 9
"../../../Origami/Content/Origami/Meshes/Cocoon/Obj_Stc_Cocoon_S_2.uasset" 10
"../../../Origami/Content/Origami/Blueprints/Actors/Cocoons/Bt_Act_Cocoon_S_2.uasset" 11
"../../../Origami/Content/Origami/Meshes/Cocoon/Obj_Stc_CocoonRock2.uasset" 12
"../../../Origami/Content/Origami/Blueprints/Actors/CocoonRocks/Bt_Act_CocoonRock_2.uasset" 13
"../../../Origami/Content/Origami/Meshes/Cocoon/Obj_Stc_Cocoon_L_1.uasset" 14
"../../../Origami/Content/Origami/Blueprints/Actors/Cocoons/Bt_Act_Cocoon_L_1.uasset" 15
"../../../Origami/Content/Origami/Materials/BasicMaterial.uasset" 16
"../../../Origami/Content/Origami/Materials/Mat_BlackGround.uasset" 17
"../../../Engine/Content/BasicShapes/Cube.uasset" 18
"../../../Origami/Content/Origami/Meshes/Level1_2/Obj_Stc_Lvl1_2_cave1.uasset" 19
"../../../Origami/Content/Origami/Meshes/Level1_2/Obj_Stc_Lvl1_2_cave2.uasset" 20
"../../../Origami/Content/Origami/Meshes/Level1_2/Obj_Stc_Lvl1_2_celling1.uasset" 21
"../../../Origami/Content/Origami/Meshes/Level1_2/Obj_Stc_Lvl1_2_flowstone1.uasset" 22
"../../../Origami/Content/Origami/Meshes/Level1_2/Obj_Stc_Lvl1_2_ground1.uasset" 23
"../../../Origami/Content/Origami/Meshes/Level1_2/Obj_Stc_Lvl1_2_ground2.uasset" 24
"../../../Origami/Content/Origami/Meshes/Level1_2/Obj_Stc_Lvl1_2_pillar1.uasset" 25
"../../../Origami/Content/Origami/Meshes/Level1_2/Obj_Stc_Lvl1_2_pillar10.uasset" 26
"../../../Origami/Content/Origami/Meshes/Level1_2/Obj_Stc_Lvl1_2_pillar11.uasset" 27
"../../../Origami/Content/Origami/Meshes/Level1_2/Obj_Stc_Lvl1_2_pillar12.uasset" 28
"../../../Origami/Content/Origami/Meshes/Level1_2/Obj_Stc_Lvl1_2_pillar13.uasset" 29
"../../../Origami/Content/Origami/Meshes/Level1_2/Obj_Stc_Lvl1_2_pillar14.uasset" 30
"../../../Origami/Content/Origami/Meshes/Level1_2/Obj_Stc_Lvl1_2_pillar15.uasset" 31
"../../../Origami/Content/Origami/Meshes/Level1_2/Obj_Stc_Lvl1_2_pillar16.uasset" 32
"../../../Origami/Content/Origami/Meshes/Level1_2/Obj_Stc_Lvl1_2_pillar17.uasset" 33
"../../../Origami/Content/Origami/Meshes/Level1_2/Obj_Stc_Lvl1_2_pillar18.uasset" 34
"../../../Origami/Content/Origami/Meshes/Level1_2/Obj_Stc_Lvl1_2_pillar2.uasset" 35
"../../../Origami/Content/Origami/Meshes/Level1_2/Obj_Stc_Lvl1_2_pillar3.uasset" 36
"../../../Origami/Content/Origami/Meshes/Level1_2/Obj_Stc_Lvl1_2_pillar4.uasset" 37
"../../../Origami/Content/Origami/Meshes/Level1_2/Obj_Stc_Lvl1_2_pillar5.uasset" 38
"../../../Origami/Content/Origami/Meshes/Level1_2/Obj_Stc_Lvl1_2_pillar6.uasset" 39
"../../../Origami/Content/Origami/Meshes/Level1_2/Obj_Stc_Lvl1_2_pillar7.uasset" 40
"../../../Origami/Content/Origami/Meshes/Level1_2/Obj_Stc_Lvl1_2_pillar8.uasset" 41
"../../../Origami/Content/Origami/Meshes/Level1_2/Obj_Stc_Lvl1_2_pillar9.uasset" 42
"../../../Origami/Content/Origami/Meshes/Level1_2/Obj_Stc_Lvl1_2_stone1.uasset" 43
"../../../Origami/Content/Origami/Meshes/Level1_2/Obj_Stc_Lvl1_2_stone2.uasset" 44
"../../../Origami/Content/Origami/Meshes/Level1_2/Obj_Stc_Lvl1_2_stone3.uasset" 45
"../../../Origami/Content/Origami/Meshes/Level1_2/Obj_Stc_Lvl1_2_wall1.uasset" 46
"../../../Origami/Content/Origami/Meshes/Level1_2/Obj_Stc_Lvl1_2_wall10.uasset" 47
"../../../Origami/Content/Origami/Meshes/Level1_2/Obj_Stc_Lvl1_2_wall11.uasset" 48
"../../../Origami/Content/Origami/Meshes/Level1_2/Obj_Stc_Lvl1_2_wall12.uasset" 49
"../../../Origami/Content/Origami/Meshes/Level1_2/Obj_Stc_Lvl1_2_wall2.uasset" 50
"../../../Origami/Content/Origami/Meshes/Level1_2/Obj_Stc_Lvl1_2_wall3.uasset" 51
"../../../Origami/Content/Origami/Meshes/Level1_2/Obj_Stc_Lvl1_2_wall4.uasset" 52
"../../../Origami/Content/Origami/Meshes/Level1_2/Obj_Stc_Lvl1_2_wall5.uasset" 53
"../../../Origami/Content/Origami/Meshes/Level1_2/Obj_Stc_Lvl1_2_wall6.uasset" 54
"../../../Origami/Content/Origami/Meshes/Level1_2/Obj_Stc_Lvl1_2_wall7.uasset" 55
"../../../Origami/Content/Origami/Meshes/Level1_2/Obj_Stc_Lvl1_2_wall8.uasset" 56
"../../../Origami/Content/Origami/Meshes/Level1_2/Obj_Stc_Lvl1_2_wall9.uasset" 57
"../../../Origami/Content/Origami/Levels/Game/Level1/Level1_2.umap" 58
"../../../Engine/Content/EditorBlueprintResources/StandardMacros.uasset" 59
"../../../Origami/Content/Origami/Blueprints/Actors/Bt_Act_OrbPath.uasset" 60
"../../../Origami/Content/Origami/Objects/UI/Loading/LoadingScreenWidget.uasset" 61
"../../../Origami/Content/Origami/Blueprints/OrigamiGameInstance.uasset" 62
"../../../Origami/Content/Origami/Data/Levels.uasset" 63
"../../../Origami/Content/Origami/Objects/UI/MainMenu/MainMenu_LoadPanelWidget.uasset" 64
"../../../Origami/Content/Origami/Objects/UI/MainMenu/MainMenu_OptionsPanelWidget.uasset" 65
"../../../Origami/Content/Origami/Objects/UI/MainMenu/MainMenu_PanelWidget.uasset" 66
"../../../Origami/Content/Origami/Objects/UI/MainMenu/MainMenuWidget.uasset" 67
"../../../Origami/Content/Origami/Levels/MainMenu.umap" 68
"../../../Origami/Content/Origami/Materials/Cocoon.uasset" 69
"../../../Origami/Content/Origami/Materials/Sicheltier.uasset" 70
"../../../Origami/Content/Origami/Textures/Water/Bitmap2Material_3__Normal___id_normal_.uasset" 71
"../../../Origami/Content/Origami/Materials/Water_dummy.uasset" 72
"../../../Origami/Content/Origami/Meshes/Level1_3/Obj_Stc_Lvl1_3_bridge1.uasset" 73
"../../../Origami/Content/Origami/Meshes/Level1_3/Obj_Stc_Lvl1_3_ceiling1.uasset" 74
"../../../Origami/Content/Origami/Meshes/Level1_3/Obj_Stc_Lvl1_3_flowstone1.uasset" 75
"../../../Origami/Content/Origami/Meshes/Level1_3/Obj_Stc_Lvl1_3_flowstone10.uasset" 76
"../../../Origami/Content/Origami/Meshes/Level1_3/Obj_Stc_Lvl1_3_flowstone11.uasset" 77
"../../../Origami/Content/Origami/Meshes/Level1_3/Obj_Stc_Lvl1_3_flowstone12.uasset" 78
"../../../Origami/Content/Origami/Meshes/Level1_3/Obj_Stc_Lvl1_3_flowstone13.uasset" 79
"../../../Origami/Content/Origami/Meshes/Level1_3/Obj_Stc_Lvl1_3_flowstone14.uasset" 80
"../../../Origami/Content/Origami/Meshes/Level1_3/Obj_Stc_Lvl1_3_flowstone15.uasset" 81
"../../../Origami/Content/Origami/Meshes/Level1_3/Obj_Stc_Lvl1_3_flowstone16.uasset" 82
"../../../Origami/Content/Origami/Meshes/Level1_3/Obj_Stc_Lvl1_3_flowstone17.uasset" 83
"../../../Origami/Content/Origami/Meshes/Level1_3/Obj_Stc_Lvl1_3_flowstone18.uasset" 84
"../../../Origami/Content/Origami/Meshes/Level1_3/Obj_Stc_Lvl1_3_flowstone19.uasset" 85
"../../../Origami/Content/Origami/Meshes/Level1_3/Obj_Stc_Lvl1_3_flowstone2.uasset" 86
"../../../Origami/Content/Origami/Meshes/Level1_3/Obj_Stc_Lvl1_3_flowstone20.uasset" 87
"../../../Origami/Content/Origami/Meshes/Level1_3/Obj_Stc_Lvl1_3_flowstone21.uasset" 88
"../../../Origami/Content/Origami/Meshes/Level1_3/Obj_Stc_Lvl1_3_flowstone22.uasset" 89
"../../../Origami/Content/Origami/Meshes/Level1_3/Obj_Stc_Lvl1_3_flowstone23.uasset" 90
"../../../Origami/Content/Origami/Meshes/Level1_3/Obj_Stc_Lvl1_3_flowstone3.uasset" 91
"../../../Origami/Content/Origami/Meshes/Level1_3/Obj_Stc_Lvl1_3_flowstone4.uasset" 92
"../../../Origami/Content/Origami/Meshes/Level1_3/Obj_Stc_Lvl1_3_flowstone5.uasset" 93
"../../../Origami/Content/Origami/Meshes/Level1_3/Obj_Stc_Lvl1_3_flowstone6.uasset" 94
"../../../Origami/Content/Origami/Meshes/Level1_3/Obj_Stc_Lvl1_3_flowstone7.uasset" 95
"../../../Origami/Content/Origami/Meshes/Level1_3/Obj_Stc_Lvl1_3_flowstone8.uasset" 96
"../../../Origami/Content/Origami/Meshes/Level1_3/Obj_Stc_Lvl1_3_flowstone9.uasset" 97
"../../../Origami/Content/Origami/Meshes/Level1_3/Obj_Stc_Lvl1_3_ground1.uasset" 98
"../../../Origami/Content/Origami/Meshes/Level1_3/Obj_Stc_Lvl1_3_ground2.uasset" 99
"../../../Origami/Content/Origami/Meshes/Level1_3/Obj_Stc_Lvl1_3_ground3.uasset" 100
"../../../Origami/Content/Origami/Meshes/Level1_3/Obj_Stc_Lvl1_3_ground4.uasset" 101
"../../../Origami/Content/Origami/Meshes/Level1_3/Obj_Stc_Lvl1_3_ground5.uasset" 102
"../../../Origami/Content/Origami/Meshes/Level1_3/Obj_Stc_Lvl1_3_ground6.uasset" 103
"../../../Origami/Content/Origami/Meshes/Level1_3/Obj_Stc_Lvl1_3_ground7.uasset" 104
"../../../Origami/Content/Origami/Meshes/Level1_3/Obj_Stc_Lvl1_3_growingplantdummy.uasset" 105
"../../../Origami/Content/Origami/Meshes/Level1_3/Obj_Stc_Lvl1_3_pillar1.uasset" 106
"../../../Origami/Content/Origami/Meshes/Level1_3/Obj_Stc_Lvl1_3_pillar2.uasset" 107
"../../../Origami/Content/Origami/Meshes/Level1_3/Obj_Stc_Lvl1_3_pillar3.uasset" 108
"../../../Origami/Content/Origami/Meshes/Level1_3/Obj_Stc_Lvl1_3_pillar4.uasset" 109
"../../../Origami/Content/Origami/Meshes/Level1_3/Obj_Stc_Lvl1_3_river1.uasset" 110
"../../../Origami/Content/Origami/Meshes/Level1_3/Obj_Stc_Lvl1_3_sicheltier1.uasset" 111
"../../../Origami/Content/Origami/Meshes/Level1_3/Obj_Stc_Lvl1_3_sicheltier2.uasset" 112
"../../../Origami/Content/Origami/Meshes/Level1_3/Obj_Stc_Lvl1_3_sicheltier3.uasset" 113
"../../../Origami/Content/Origami/Meshes/Level1_3/Obj_Stc_Lvl1_3_sicheltier4.uasset" 114
"../../../Origami/Content/Origami/Meshes/Level1_3/Obj_Stc_Lvl1_3_stone1.uasset" 115
"../../../Origami/Content/Origami/Meshes/Level1_3/Obj_Stc_Lvl1_3_stone10.uasset" 116
"../../../Origami/Content/Origami/Meshes/Level1_3/Obj_Stc_Lvl1_3_stone11.uasset" 117
"../../../Origami/Content/Origami/Meshes/Level1_3/Obj_Stc_Lvl1_3_stone12.uasset" 118
"../../../Origami/Content/Origami/Meshes/Level1_3/Obj_Stc_Lvl1_3_stone2.uasset" 119
"../../../Origami/Content/Origami/Meshes/Level1_3/Obj_Stc_Lvl1_3_stone3.uasset" 120
"../../../Origami/Content/Origami/Meshes/Level1_3/Obj_Stc_Lvl1_3_stone4.uasset" 121
"../../../Origami/Content/Origami/Meshes/Level1_3/Obj_Stc_Lvl1_3_stone5.uasset" 122
"../../../Origami/Content/Origami/Meshes/Level1_3/Obj_Stc_Lvl1_3_stone6.uasset" 123
"../../../Origami/Content/Origami/Meshes/Level1_3/Obj_Stc_Lvl1_3_stone7.uasset" 124
"../../../Origami/Content/Origami/Meshes/Level1_3/Obj_Stc_Lvl1_3_stone8.uasset" 125
"../../../Origami/Content/Origami/Meshes/Level1_3/Obj_Stc_Lvl1_3_stone9.uasset" 126
"../../../Origami/Content/Origami/Meshes/Level1_3/Obj_Stc_Lvl1_3_wall1.uasset" 127
"../../../Origami/Content/Origami/Meshes/Level1_3/Obj_Stc_Lvl1_3_wall2.uasset" 128
"../../../Origami/Content/Origami/Meshes/Level1_3/Obj_Stc_Lvl1_3_wall3.uasset" 129
"../../../Origami/Content/Origami/Meshes/Level1_3/Obj_Stc_Lvl1_3_wall4.uasset" 130
"../../../Origami/Content/Origami/Meshes/Level1_3/Obj_Stc_Lvl1_3_wall5.uasset" 131
"../../../Origami/Content/Origami/Meshes/Level1_3/Obj_Stc_Lvl1_3_wall6.uasset" 132
"../../../Origami/Content/Origami/Meshes/Level1_3/Obj_Stc_Lvl1_3_waterfall1.uasset" 133
"../../../Origami/Content/Origami/Meshes/Level1_3/Obj_Stc_Lvl1_3_waterfall2.uasset" 134
"../../../Origami/Content/Origami/Meshes/Level1_3/Obj_Stc_Lvl1_3_waterfall3.uasset" 135
"../../../Origami/Content/Origami/Meshes/Level1_3/Obj_Stc_Lvl1_3_waterfall4.uasset" 136
"../../../Origami/Content/Origami/Meshes/Level1_3/Obj_Stc_Lvl1_3_waterfall5.uasset" 137
"../../../Origami/Content/Origami/Meshes/Level1_3/Obj_Stc_Lvl1_3_waterfall6.uasset" 138
"../../../Origami/Content/Origami/Levels/Game/Level1/Level1_3.umap" 139
"../../../Origami/Content/Origami/Meshes/Level1_2/Obj_Stc_Lvl1_2_bridge.uasset" 140
"../../../Origami/Content/Origami/Blueprints/Actors/Static/Bt_Lvl1_Stc_Ent_Bridge.uasset" 141
"../../../Origami/Content/Origami/Textures/Txt_CloudNoise.uasset" 142
"../../../Origami/Content/Origami/Textures/Txt_Gradient_GodRay.uasset" 143
"../../../Origami/Content/Origami/Materials/Mat_GodRay.uasset" 144
"../../../Origami/Content/Origami/Materials/Mat_GodRay_Inst.uasset" 145
"../../../Origami/Content/Origami/Meshes/Level1_1/Obj_Stc_Lvl1_1_celing.uasset" 146
"../../../Origami/Content/Origami/Meshes/Level1_1/Obj_Stc_Lvl1_1_celing0.uasset" 147
"../../../Origami/Content/Origami/Meshes/Level1_1/Obj_Stc_Lvl1_1_flowstone0.uasset" 148
"../../../Origami/Content/Origami/Meshes/Level1_1/Obj_Stc_Lvl1_1_flowstone1.uasset" 149
"../../../Origami/Content/Origami/Meshes/Level1_1/Obj_Stc_Lvl1_1_flowstone2.uasset" 150
"../../../Origami/Content/Origami/Meshes/Level1_1/Obj_Stc_Lvl1_1_flowstone3.uasset" 151
"../../../Origami/Content/Origami/Meshes/Level1_1/Obj_Stc_Lvl1_1_flowstone4.uasset" 152
"../../../Origami/Content/Origami/Meshes/Level1_1/Obj_Stc_Lvl1_1_flowstone5.uasset" 153
"../../../Origami/Content/Origami/Meshes/Level1_1/Obj_Stc_Lvl1_1_flowstone6.uasset" 154
"../../../Origami/Content/Origami/Meshes/Level1_1/Obj_Stc_Lvl1_1_path0.uasset" 155
"../../../Origami/Content/Origami/Meshes/Level1_1/Obj_Stc_Lvl1_1_path1.uasset" 156
"../../../Origami/Content/Origami/Meshes/Level1_1/Obj_Stc_Lvl1_1_path2.uasset" 157
"../../../Origami/Content/Origami/Meshes/Level1_1/Obj_Stc_Lvl1_1_pillar0.uasset" 158
"../../../Origami/Content/Origami/Meshes/Level1_1/Obj_Stc_Lvl1_1_pillar1.uasset" 159
"../../../Origami/Content/Origami/Meshes/Level1_1/Obj_Stc_Lvl1_1_pillar2.uasset" 160
"../../../Origami/Content/Origami/Meshes/Level1_1/Obj_Stc_Lvl1_1_pillar3.uasset" 161
"../../../Origami/Content/Origami/Meshes/Level1_1/Obj_Stc_Lvl1_1_pillar4.uasset" 162
"../../../Origami/Content/Origami/Meshes/Level1_1/Obj_Stc_Lvl1_1_start0.uasset" 163
"../../../Origami/Content/Origami/Meshes/Level1_1/Obj_Stc_Lvl1_1_start1.uasset" 164
"../../../Origami/Content/Origami/Meshes/Level1_1/Obj_Stc_Lvl1_1_start2.uasset" 165
"../../../Origami/Content/Origami/Meshes/Level1_1/Obj_Stc_Lvl1_1_stone0.uasset" 166
"../../../Origami/Content/Origami/Meshes/Level1_1/Obj_Stc_Lvl1_1_stone1.uasset" 167
"../../../Origami/Content/Origami/Meshes/Level1_1/Obj_Stc_Lvl1_1_wall0.uasset" 168
"../../../Origami/Content/Origami/Meshes/Level1_1/Obj_Stc_Lvl1_1_wall1.uasset" 169
"../../../Origami/Content/Origami/Meshes/Level1_1/Obj_Stc_Lvl1_1_wall2.uasset" 170
"../../../Origami/Content/Origami/Meshes/Level1_1/Obj_Stc_Lvl1_1_wall3_new_connector.uasset" 171
"../../../Origami/Content/Origami/Meshes/Obj_Stc_GodRay.uasset" 172
"../../../Origami/Content/Origami/Levels/Game/Level1/Level1_1.umap" 173
"../../../Engine/Content/EditorResources/S_Actor.uasset" 174
"../../../Engine/Content/EditorResources/SceneManager.uasset" 175
"../../../Engine/Content/EditorResources/S_Emitter.uasset" 176
"../../../Engine/Content/EditorResources/S_FTest.uasset" 177
"../../../Engine/Content/EditorResources/Bad.uasset" 178
"../../../Engine/Content/EditorResources/Bkgnd.uasset" 179
"../../../Engine/Content/EditorResources/BkgndHi.uasset" 180
"../../../Engine/Content/EditorMeshes/EditorCube.uasset" 181
"../../../Engine/Content/EditorMeshes/EditorSphere.uasset" 182
"../../../Engine/Content/EditorMeshes/EditorPlane.uasset" 183
"../../../Engine/Content/EditorMeshes/EditorCylinder.uasset" 184
"../../../Engine/Content/EngineFonts/Roboto.uasset" 185
"../../../Engine/Content/Maps/Templates/Thumbnails/Default.uasset" 186
"../../../Engine/Content/Functions/Engine_MaterialFunctions01/Shading/PowerToRoughness.uasset" 187
"../../../Engine/Content/EngineMaterials/DefaultDiffuse.uasset" 188
"../../../Engine/Content/EngineMaterials/DefaultDeferredDecalMaterial.uasset" 189
"../../../Engine/Content/EngineMaterials/DefaultLightFunctionMaterial.uasset" 190
"../../../Engine/Content/Functions/Engine_MaterialFunctions02/Utility/BreakOutFloat2Components.uasset" 191
"../../../Engine/Content/EngineMaterials/DefaultPostProcessMaterial.uasset" 192
"../../../Engine/Content/EditorMaterials/Thumbnails/SkySphereMaterial.uasset" 193
"../../../Engine/Content/EditorMeshes/EditorSkySphere.uasset" 194
"../../../Engine/Content/EngineMaterials/Grid.uasset" 195
"../../../Engine/Content/EditorMaterials/Thumbnails/FloorPlaneMaterial.uasset" 196
"../../../Engine/Content/EditorMaterials/ParticleSystems/PSysThumbnail_NoImage.uasset" 197
"../../../Engine/Content/EditorMaterials/ParticleSystems/PSysThumbnail_OOD.uasset" 198
"../../../Engine/Content/EditorResources/S_DecalActorIcon.uasset" 199
"../../../Engine/Content/EditorLandscapeResources/LandscapeGizmo_Mat.uasset" 200
"../../../Engine/Content/EditorLandscapeResources/LandscapeGizmo_Mat_Copied.uasset" 201
"../../../Engine/Content/EditorLandscapeResources/LandscapeGizmoHeight_Mat.uasset" 202
"../../../Engine/Content/EditorLandscapeResources/DataLayer.uasset" 203
"../../../Engine/Content/EditorResources/S_Terrain.uasset" 204
"../../../Engine/Content/EditorLandscapeResources/SplineEditorMeshMat.uasset" 205
"../../../Engine/Content/EditorLandscapeResources/SplineEditorMesh.uasset" 206
"../../../Engine/Content/EngineResources/DefaultTexture.uasset" 207
"../../../Engine/Content/Functions/Engine_MaterialFunctions02/Texturing/ScreenAlignedUVs.uasset" 208
"../../../Engine/Content/EngineResources/WhiteSquareTexture.uasset" 209
"../../../Engine/Content/EngineMaterials/Widget3DPassThrough.uasset" 210
"../../../Engine/Content/EngineMaterials/Widget3DPassThrough_Translucent.uasset" 211
"../../../Engine/Content/EngineMaterials/Widget3DPassThrough_Translucent_OneSided.uasset" 212
"../../../Engine/Content/EngineMaterials/Widget3DPassThrough_Opaque.uasset" 213
"../../../Engine/Content/EngineMaterials/Widget3DPassThrough_Opaque_OneSided.uasset" 214
"../../../Engine/Content/EngineMaterials/Widget3DPassThrough_Masked.uasset" 215
"../../../Engine/Content/EngineMaterials/Widget3DPassThrough_Masked_OneSided.uasset" 216
"../../../Engine/Content/EditorResources/MatineeCam_D.uasset" 217
"../../../Engine/Content/EditorMaterials/MatineeCam_mat.uasset" 218
"../../../Engine/Content/EditorMeshes/MatineeCam_SM.uasset" 219
"../../../Engine/Content/Functions/Engine_MaterialFunctions02/Utility/Sign.uasset" 220
"../../../Engine/Content/Functions/Engine_MaterialFunctions02/Utility/Round.uasset" 221
"../../../Engine/Content/Functions/Engine_MaterialFunctions02/ExampleContent/Textures/flipbook.uasset" 222
"../../../Engine/Content/Functions/Engine_MaterialFunctions02/Texturing/FlipBook.uasset" 223
"../../../Engine/Content/EditorResources/T_EditorHelp.uasset" 224
"../../../Engine/Content/EditorMaterials/HelpActorMaterial.uasset" 225
"../../../Engine/Content/EditorResources/S_ExpoHeightFog.uasset" 226
"../../../Engine/Content/EditorResources/S_NavP.uasset" 227
"../../../Engine/Content/EditorResources/S_Player.uasset" 228
"../../../Engine/Content/EditorResources/LightIcons/SkyLight.uasset" 229
"../../../Engine/Content/EditorResources/S_WindDirectional.uasset" 230
"../../../Engine/Content/EngineDamageTypes/DmgTypeBP_Environmental.uasset" 231
"../../../Engine/Content/EditorResources/LightIcons/S_LightDirectional.uasset" 232
"../../../Engine/Content/EditorResources/LightIcons/S_LightDirectionalMove.uasset" 233
"../../../Engine/Content/EditorResources/LightIcons/S_LightPoint.uasset" 234
"../../../Engine/Content/EditorResources/LightIcons/S_LightPointMove.uasset" 235
"../../../Engine/Content/EditorResources/LightIcons/S_LightSpot.uasset" 236
"../../../Engine/Content/EditorResources/LightIcons/S_LightSpotMove.uasset" 237
"../../../Engine/Content/EditorResources/MatInstActSprite.uasset" 238
"../../../Engine/Content/EditorResources/AI/S_NavLink.uasset" 239
"../../../Engine/Content/EditorResources/S_Note.uasset" 240
"../../../Engine/Content/EngineMeshes/Sphere.uasset" 241
"../../../Engine/Content/EditorResources/S_ReflActorIcon.uasset" 242
"../../../Engine/Content/EditorResources/S_Thruster.uasset" 243
"../../../Engine/Content/EditorResources/S_RadForce.uasset" 244
"../../../Engine/Content/EditorMaterials/TargetIcon.uasset" 245
"../../../Engine/Content/EngineFonts/RobotoDistanceField.uasset" 246
"../../../Engine/Content/EngineMaterials/DefaultTextMaterialOpaque.uasset" 247
"../../../Engine/Content/EditorResources/S_TextRenderActorIcon.uasset" 248
"../../../Engine/Content/EditorResources/S_Trigger.uasset" 249
"../../../Engine/Content/EditorResources/S_VectorFieldVol.uasset" 250
"../../../Engine/Content/EngineResources/GradientTexture0.uasset" 251
"../../../Engine/Content/EngineResources/Black.uasset" 252
"../../../Engine/Content/EditorMaterials/MatineeGroups/MAT_Groups_Float.uasset" 253
"../../../Engine/Content/EditorMaterials/MatineeGroups/MAT_Groups_Director.uasset" 254
"../../../Engine/Content/EditorMaterials/MatineeGroups/MAT_Groups_Event.uasset" 255
"../../../Engine/Content/EditorMaterials/MatineeGroups/MAT_Groups_Anim.uasset" 256
"../../../Engine/Content/EditorMaterials/MatineeGroups/MAT_Groups_Fade.uasset" 257
"../../../Engine/Content/EditorMaterials/MatineeGroups/MAT_Groups_Move.uasset" 258
"../../../Engine/Content/EditorMaterials/MatineeGroups/MAT_Groups_Slomo.uasset" 259
"../../../Engine/Content/EditorMaterials/MatineeGroups/MAT_ColorTrack.uasset" 260
"../../../Engine/Content/EditorMaterials/MAT_Groups_Toggle.uasset" 261
"../../../Engine/Content/EditorMaterials/MatineeGroups/MAT_Groups_AudioMaster.uasset" 262
"../../../Engine/Content/EditorMaterials/MatineeGroups/MAT_Groups_Sound.uasset" 263
"../../../Engine/Content/EditorMaterials/MatineeGroups/MAT_Groups_Vector.uasset" 264
"../../../Engine/Content/EditorMaterials/MAT_Groups_Visibility.uasset" 265
"../../../Engine/Content/EngineResources/DefaultTextureCube.uasset" 266
"../../../Engine/Content/EngineMaterials/DefaultMaterial.uasset" 267
"../../../Engine/Content/EngineMeshes/Cylinder.uasset" 268
"../../../Engine/Content/EngineTireTypes/DefaultTireType.uasset" 269
"../../../Engine/Content/EngineResources/AICON-Red.uasset" 270
"../../../Engine/Content/EngineResources/AICON-Green.uasset" 271
"../../../Engine/Plugins/2D/Paper2D/Content/PlaceholderTextures/DummySpriteTexture.uasset" 272
"../../../Engine/Plugins/2D/Paper2D/Content/DefaultSpriteMaterial.uasset" 273
"../../../Engine/Plugins/2D/Paper2D/Content/MaskedUnlitSpriteMaterial.uasset" 274
"../../../Engine/Plugins/2D/Paper2D/Content/OpaqueUnlitSpriteMaterial.uasset" 275
"../../../Engine/Plugins/2D/Paper2D/Content/DummySprite.uasset" 276
"../../../Engine/Plugins/2D/Paper2D/Content/DefaultPaperTerrainMaterial.uasset" 277
"../../../Origami/Content/Origami/Data/LinearMovementCurve.uasset" 278
"../../../Origami/Content/Origami/Meshes/Cocoon/Obj_Stc_CocoonRock1.uasset" 279
"../../../Origami/Content/Origami/Blueprints/Actors/CocoonRocks/Bt_Act_CocoonRock1.uasset" 280
"../../../Engine/Content/Tutorial/SubEditors/TutorialAssets/icon_ShowSkeletalMeshes_40x.uasset" 281
"../../../Engine/Content/Tutorial/SubEditors/PersonaAnimEditorWalkthrough.uasset" 282
"../../../Engine/Content/EditorMaterials/AntialiasedGridFloor.uasset" 283
"../../../Engine/Content/EditorResources/TilePatine_D.uasset" 284
"../../../Engine/Content/EditorResources/TilePatine_N.uasset" 285
"../../../Engine/Content/EditorMaterials/PersonaFloorMat.uasset" 286
"../../../Engine/Content/Functions/Engine_MaterialFunctions01/Shading/ConvertFromDiffSpec.uasset" 287
"../../../Engine/Content/EditorMaterials/GridMaterial.uasset" 288
"../../../Engine/Content/EditorMeshes/PhAT_FloorBox.uasset" 289
"../../../Engine/Content/MapTemplates/Sky/DaylightAmbientCubemap.uasset" 290
"../../../Engine/Content/MapTemplates/Sky/T_Sky_Stars.uasset" 291
"../../../Engine/Content/MapTemplates/Sky/T_UDK_Sky_CloudMask01_N.uasset" 292
"../../../Engine/Content/EditorMaterials/PersonaSky.uasset" 293
"../../../Engine/Content/MapTemplates/Sky/M_Procedural_Sky_MASTER02.uasset" 294
"../../../Engine/Content/MapTemplates/Sky/SM_SkySphere.uasset" 295
"../../../Engine/Content/EditorSounds/GamePreview/EndPlayInEditor.uasset" 296
"../../../Engine/Content/EditorSounds/GamePreview/EndPlayInEditor_Cue.uasset" 297
"../../../Origami/Content/Origami/Objects/Orb/Visual/Mat_Orb_AnimTrail.uasset" 298
"../../../Origami/Content/Origami/Objects/Orb/Visual/Ps_Orb_AnimTrail.uasset" 299
"../../../Origami/Content/Origami/Objects/Orb/Bt_Act_OrbGroup.uasset" 300
"../../../Origami/Content/Origami/Objects/UI/Hud/Tutorial/Txt_Hud_XONE_X_Btn.uasset" 301
"../../../Origami/Content/Origami/Objects/UI/Hud/ActionPrompt/ActionPromptWidget.uasset" 302
"../../../Origami/Content/Origami/Objects/UI/Hud/ActionPrompt/Bt_ActionPrompt.uasset" 303
"../../../Engine/Content/EditorSounds/Notifications/CompileSuccess.uasset" 304
"../../../Engine/Content/EditorSounds/Notifications/CompileStart_Cue.uasset" 305
"../../../Engine/Content/EditorSounds/Notifications/CompileSuccess_Cue.uasset" 306
"../../../Engine/Content/EditorSounds/Notifications/CompileFailed.uasset" 307
"../../../Engine/Content/EditorSounds/Notifications/CompileFailed_Cue.uasset" 308
"../../../Engine/Content/BufferVisualization/BaseColor.uasset" 309
"../../../Engine/Content/BufferVisualization/CustomDepth.uasset" 310
"../../../Engine/Content/Functions/Engine_MaterialFunctions02/Utility/MakeFloat2.uasset" 311
"../../../Engine/Content/Functions/Engine_MaterialFunctions02/Utility/MakeFloat3.uasset" 312
"../../../Engine/Content/EngineMaterials/MiniFont.uasset" 313
"../../../Engine/Content/BufferVisualization/CustomStencil.uasset" 314
"../../../Engine/Content/BufferVisualization/DecalMask.uasset" 315
"../../../Engine/Content/BufferVisualization/FinalImage.uasset" 316
"../../../Engine/Content/BufferVisualization/LightingModel.uasset" 317
"../../../Engine/Content/BufferVisualization/MaterialAO.uasset" 318
"../../../Engine/Content/BufferVisualization/Metallic.uasset" 319
"../../../Engine/Content/BufferVisualization/Opacity.uasset" 320
"../../../Engine/Content/BufferVisualization/Roughness.uasset" 321
"../../../Engine/Content/BufferVisualization/SceneColor.uasset" 322
"../../../Engine/Content/BufferVisualization/SceneDepth.uasset" 323
"../../../Engine/Content/BufferVisualization/SeparateTranslucencyRGB.uasset" 324
"../../../Engine/Content/BufferVisualization/SeparateTranslucencyA.uasset" 325
"../../../Engine/Content/BufferVisualization/Specular.uasset" 326
"../../../Engine/Content/BufferVisualization/SubsurfaceColor.uasset" 327
"../../../Engine/Content/BufferVisualization/WorldNormal.uasset" 328
"../../../Engine/Content/EngineMaterials/DefaultPhysicalMaterial.uasset" 329
"../../../Engine/Content/BufferVisualization/AmbientOcclusion.uasset" 330
"../../../Engine/Content/Functions/Engine_MaterialFunctions02/Utility/VectorLength.uasset" 331
"../../../Engine/Content/BufferVisualization/CustomDepthWorldUnits.uasset" 332
"../../../Engine/Content/BufferVisualization/SceneDepthWorldUnits.uasset" 333
"../../../Engine/Content/EngineMaterials/HighResolutionScreenshotMaskFunction.uasset" 334
"../../../Engine/Content/EngineMaterials/HighResScreenshot.uasset" 335
"../../../Engine/Content/EngineMaterials/HighResScreenshotMask.uasset" 336
"../../../Engine/Content/EngineMaterials/HighResScreenshotCaptureRegion.uasset" 337
"../../../Engine/Content/EngineDebugMaterials/WireframeMaterial.uasset" 338
"../../../Engine/Content/EngineDebugMaterials/LevelColorationLitMaterial.uasset" 339
"../../../Engine/Content/EngineDebugMaterials/LevelColorationUnlitMaterial.uasset" 340
"../../../Engine/Content/EngineMaterials/DefaultWhiteGrid.uasset" 341
"../../../Engine/Content/EngineDebugMaterials/MAT_LevelColorationLitLightmapUV.uasset" 342
"../../../Engine/Content/EngineDebugMaterials/ShadedLevelColorationLitMaterial.uasset" 343
"../../../Engine/Content/EngineDebugMaterials/ShadedLevelColorationUnlitMateri.uasset" 344
"../../../Engine/Content/EngineDebugMaterials/VertexColorMaterial.uasset" 345
"../../../Engine/Content/EngineDebugMaterials/VertexColorViewMode_ColorOnly.uasset" 346
"../../../Engine/Content/EngineDebugMaterials/VertexColorViewMode_AlphaAsColor.uasset" 347
"../../../Engine/Content/EngineDebugMaterials/VertexColorViewMode_RedOnly.uasset" 348
"../../../Engine/Content/EngineDebugMaterials/VertexColorViewMode_GreenOnly.uasset" 349
"../../../Engine/Content/EngineDebugMaterials/VertexColorViewMode_BlueOnly.uasset" 350
"../../../Engine/Content/EngineMaterials/RemoveSurfaceMaterial.uasset" 351
"../../../Engine/Content/EngineDebugMaterials/DebugMeshMaterial.uasset" 352
"../../../Engine/Content/EngineMaterials/InvalidLightmapSettings.uasset" 353
"../../../Engine/Content/EngineMaterials/M_InvalidLightmapSettings.uasset" 354
"../../../Engine/Content/EditorMaterials/GizmoMaterial.uasset" 355
"../../../Engine/Content/EngineDebugMaterials/GeomMaterial.uasset" 356
"../../../Engine/Content/EngineMaterials/EditorBrushMaterial.uasset" 357
"../../../Engine/Content/EngineDebugMaterials/HeatmapGradient.uasset" 358
"../../../Engine/Content/EngineDebugMaterials/BoneWeightMaterial.uasset" 359
"../../../Engine/Content/EditorMaterials/PreviewShadowIndicator.uasset" 360
"../../../Engine/Content/EditorMaterials/PreviewShadowIndicatorMaterial.uasset" 361
"../../../Engine/Content/EditorMaterials/PhAT_JointLimitMaterial.uasset" 362
"../../../Engine/Content/EditorResources/BSPVertex.uasset" 363
"../../../Engine/Content/EngineMaterials/Good64x64TilingNoiseHighFreq.uasset" 364
"../../../Engine/Content/EngineMaterials/DefaultBokeh.uasset" 365
"../../../Engine/Content/EngineMaterials/PreintegratedSkinBRDF.uasset" 366
"../../../Engine/Content/EngineMaterials/WeightMapPlaceholderTexture.uasset" 367
"../../../Engine/Content/EngineFonts/RobotoTiny.uasset" 368
"../../../Engine/Content/Tutorial/Basics/LevelEditorAttract.uasset" 369
"../../../Engine/Content/Tutorial/ContentIntroCurve.uasset" 370
"../../../Engine/Content/EditorMaterials/Cross.uasset" 371
"../../../Engine/Content/EditorMaterials/Cross_Mat.uasset" 372
"../../../Engine/Content/EditorMaterials/PhAT_BoneSelectedMaterial.uasset" 373
"../../../Engine/Content/EditorMaterials/PhAT_ElemSelectedMaterial.uasset" 374
"../../../Engine/Content/EditorMaterials/PhAT_NoCollisionMaterial.uasset" 375
"../../../Engine/Content/EditorMaterials/PhAT_UnselectedMaterial.uasset" 376
"../../../Engine/Content/EditorMaterials/Tick.uasset" 377
"../../../Engine/Content/EditorMaterials/Tick_Mat.uasset" 378
"../../../Engine/Content/EditorMaterials/WidgetGridVertexColorMaterial.uasset" 379
"../../../Engine/Content/EditorMaterials/WidgetGridVertexColorMaterial_Ma.uasset" 380
"../../../Engine/Content/EditorMaterials/WidgetMaterial.uasset" 381
"../../../Engine/Content/EditorMaterials/WidgetMaterial_Current.uasset" 382
"../../../Engine/Content/EditorMaterials/WidgetMaterial_X.uasset" 383
"../../../Engine/Content/EditorMaterials/WidgetMaterial_Y.uasset" 384
"../../../Engine/Content/EditorMaterials/WidgetMaterial_Z.uasset" 385
"../../../Engine/Content/EditorMaterials/WidgetVertexColorMaterial.uasset" 386
"../../../Engine/Content/EditorMaterials/CompositeARGBLayer.uasset" 387
"../../../Engine/Content/EditorMaterials/TilingAALineIntegral.uasset" 388
"../../../Engine/Content/EditorMaterials/TilingAALineBoxFiltered.uasset" 389
"../../../Engine/Content/Functions/Engine_MaterialFunctions03/Procedurals/ComputeFilterWidth.uasset" 390
"../../../Engine/Content/EditorMaterials/TilingAADots.uasset" 391
"../../../Engine/Content/EditorMaterials/Cascade/CASC_Cross.uasset" 392
"../../../Engine/Content/EditorMaterials/Cascade/CASC_None.uasset" 393
"../../../Engine/Content/Functions/Engine_MaterialFunctions03/Blends/Blend_Screen.uasset" 394
"../../../Engine/Content/EditorMaterials/TilingAAGrid.uasset" 395
"../../../Engine/Content/EditorMaterials/LevelGridMaterial.uasset" 396
"../../../Engine/Content/EditorResources/SmallFont.uasset" 397
"../../../Engine/Content/EditorResources/S_KBSJoint.uasset" 398
"../../../Engine/Content/EditorResources/S_KHinge.uasset" 399
"../../../Engine/Content/EditorResources/S_KPrismatic.uasset" 400
"../../../Engine/Content/EditorResources/LightIcons/S_LightError.uasset" 401
"../../../Engine/Content/EditorResources/Spline/T_Loft_Spline.uasset" 402
"../../../Engine/Content/EngineMaterials/BlinkingCaret.uasset" 403
"../../../Engine/Content/EngineMaterials/DefaultNormal.uasset" 404
"../../../Engine/Content/EngineMaterials/Grid_N.uasset" 405
"../../../Engine/Content/EngineMaterials/LandscapeHolePhysicalMaterial.uasset" 406
"../../../Engine/Content/EngineMaterials/PaperDiffuse.uasset" 407
"../../../Engine/Content/EngineMaterials/PaperNormal.uasset" 408
"../../../Engine/Content/EngineMaterials/PhysMat_Rubber.uasset" 409
"../../../Engine/Content/EngineFonts/SmallFont.uasset" 410
"../../../Engine/Content/EngineFonts/TinyFont.uasset" 411
"../../../Engine/Content/EngineResources/StreamingPauseIcon.uasset" 412
"../../../Engine/Content/EngineResources/M_StreamingPause.uasset" 413
"../../../Engine/Content/EditorLandscapeResources/DefaultAlphaTexture.uasset" 414
"../../../Origami/Content/Origami/Textures/Paper/Noise_Blistered.uasset" 415
"../../../Origami/Content/Origami/Textures/Paper/Noise_Blobs.uasset" 416
"../../../Origami/Content/Origami/Textures/Paper/Noise_Blobs2.uasset" 417
"../../../Origami/Content/Origami/Textures/Paper/Noise_Dirt.uasset" 418
"../../../Origami/Content/Origami/Textures/Paper/Noise_Fuzzy.uasset" 419
"../../../Origami/Content/Origami/Textures/Paper/Noise_Marble.uasset" 420
"../../../Origami/Content/Origami/Textures/Paper/Noise_Oily.uasset" 421
"../../../Origami/Content/Origami/Textures/Paper/Noise_Oily2.uasset" 422
"../../../Origami/Content/Origami/Textures/Paper/Noise_Paper3.uasset" 423
"../../../Origami/Content/Origami/Textures/Paper/Noise_VoronoiCamo.uasset" 424
"../../../Origami/Content/Origami/Textures/Paper/Noise_Water.uasset" 425
"../../../Origami/Content/Origami/Textures/Paper/Paper_5_.uasset" 426
"../../../Origami/Content/Origami/Textures/Paper/Paper_AO.uasset" 427
"../../../Origami/Content/Origami/Textures/Paper/Paper_base_Color.uasset" 428
"../../../Origami/Content/Origami/Textures/Paper/Paper_height.uasset" 429
"../../../Origami/Content/Origami/Textures/Paper/Paper_normal.uasset" 430
"../../../Origami/Content/Origami/Textures/Paper/PaperCrumpled0036_1_S.uasset" 431
"../../../Origami/Content/Origami/Textures/Paper/Water__Base_Color___id_basecolor_.uasset" 432
"../../../Origami/Content/Origami/Textures/Paper/Water__Diffuse___id_diffuse_.uasset" 433
"../../../Origami/Content/Origami/Textures/Paper/Water__Height___id_height_.uasset" 434
"../../../Origami/Content/Origami/Textures/Paper/Water__Normal___id_normal_.uasset" 435
"../../../Origami/Content/Origami/Textures/Paper/Water__Roughness___id_roughness_.uasset" 436
"../../../Origami/Content/Origami/Materials/base_paper.uasset" 437
"../../../Origami/Content/Origami/Textures/Water/Bitmap2Material_3__Base_Color___id_basecolor_.uasset" 438
"../../../Origami/Content/Origami/Textures/Water/Bitmap2Material_3__Roughness___id_roughness_.uasset" 439
"../../../Origami/Content/Origami/Textures/Water/Wassertextur_fertig.uasset" 440
"../../../Origami/Content/Origami/Materials/WaterMaterial.uasset" 441
"../../../Origami/Content/Origami/Meshes/Gami_low_final_2m.uasset" 442
"../../../Engine/Content/Functions/Engine_MaterialFunctions01/WorldPositionOffset/SimpleGrassWind.uasset" 443
"../../../Origami/Content/Origami/Objects/Orb/Visual/Txt_Orb.uasset" 444
"../../../Origami/Content/Origami/Textures/Txt_Dissolve_Gradient_Orb.uasset" 445
"../../../Origami/Content/Origami/Objects/Orb/Visual/Mat_Orb.uasset" 446
"../../../Origami/Content/Origami/Objects/Orb/Visual/Obj_Stc_Orb.uasset" 447
"../../../Origami/Content/Origami/Objects/UI/Hud/Tutorial/Txt_ControllerTrigger.uasset" 448
"../../../Engine/Content/EditorResources/EmptyActor.uasset" 449
"../../../Engine/Content/EditorSounds/GamePreview/StartPlayInEditor.uasset" 450
"../../../Engine/Content/EditorSounds/GamePreview/StartPlayInEditor_Cue.uasset" 451
"../../../Engine/Content/BasicShapes/Sphere.uasset" 452
"../../../Engine/Content/BasicShapes/Cylinder.uasset" 453
"../../../Engine/Content/BasicShapes/Cone.uasset" 454
"../../../Engine/Content/Tutorial/Basics/TutorialAssets/icon_tab_Levels_40x.uasset" 455
"../../../Engine/Content/Tutorial/Basics/LevelEditorOverview.uasset" 456
"../../../Engine/Content/EditorMaterials/MakeCompositeARGBLayer.uasset" 457
"../../../Engine/Content/EditorResources/LevelGrid1DStripes.uasset" 458
"../../../Engine/Content/EditorMaterials/TextureGridCascaded1D.uasset" 459
"../../../Engine/Content/EditorMaterials/TextureGridCascaded2D.uasset" 460
"../../../Engine/Content/EditorMaterials/LevelGridMaterial2.uasset" 461
"../../../Engine/Content/MobileResources/HUD/MobileHUDButton3.uasset" 462
"../../../Engine/Content/MobileResources/HUD/MobileHUDButton1_off.uasset" 463
"../../../Engine/Content/MobileResources/HUD/MobileHUDDirectionPad3.uasset" 464
"../../../Engine/Content/MobileResources/T_MobileMenu2.uasset" 465
"../../../Engine/Content/MobileResources/HUD/MobileHUDButton2_off.uasset" 466
"../../../Engine/Content/MobileResources/HUD/MobileHUDDirectionPad.uasset" 467
"../../../Engine/Content/MobileResources/HUD/T_Castle_ThumbstickInner.uasset" 468
"../../../Engine/Content/MobileResources/T_MobileControls_texture.uasset" 469
"../../../Engine/Content/MobileResources/HUD/AnalogHat.uasset" 470
"../../../Engine/Content/MobileResources/HUD/VirtualJoystick_Background.uasset" 471
"../../../Engine/Content/MobileResources/HUD/VirtualJoystick_Thumb.uasset" 472
"../../../Engine/Content/MobileResources/HUD/DefaultVirtualJoysticks.uasset" 473
"../../../Engine/Content/MobileResources/HUD/LeftVirtualJoystickOnly.uasset" 474
"../../../Engine/Content/MobileResources/HUD/MobileHUDButton1_on.uasset" 475
"../../../Engine/Content/MobileResources/HUD/MobileHUDButton2_on.uasset" 476
"../../../Engine/Content/MobileResources/HUD/MobileHUDButtonFire.uasset" 477
"../../../Engine/Content/MobileResources/HUD/MobileHUDDirectionPad2.uasset" 478
"../../../Engine/Content/MobileResources/HUD/MobileHUDDirectionStick.uasset" 479
"../../../Engine/Content/MobileResources/HUD/T_Castle_ThumbstickOutter.uasset" 480
